Command: D
Command: D
Command: D
Command: W
Command: W
Command: S
Command: S
Command: D
Command: D
Command: S
Command: S
Command: D
Command: D
Command: D
Command: D
Command: D
Command: D
Command: D
Command: D
Command: D
Command: W
Command: W
Command: W
Command: D
Command: S
Command: S
Command: S
Command: S
Command: S
Command: D
Command: D
Command: D
Command: D
Command: D
Command: D
Command: D
Command: D
Command: D
Command: D
Command: D
Command: D
Command: S
Command: S
Command: S
Command: S
Command: D
Command: D
Command: D
Command: D
Command: D
Command: D
Command: D
Command: D
Command: D
Command: D
Command: D
Command: D
Command: D
Command: D
Command: D
Command: D
Command: D
Command: D
Command: D
Command: D
Command: D
Command: D
Command: D
Command: D
Command: D
Command: D
Command: D
Command: D
Command: D
Command: D
Command: D
Command: D
Command: D
Command: D
Command: D
Command: D
Command: D
Command: D
Command: D
Command: D
Command: D
Command: D
Command: D
Command: D
Command: D
Command: D
Command: D
Command: D
Command: D
Command: D
Command: D
Command: D
Command: D
Command: D
Command: D
Command: D
Command: W
Command: W
Command: W
Command: W
Command: W
Command: W
Command: W
Command: W
Command: W
Command: W
Command: W
Command: W
Command: W
Command: W
Command: W
Command: W
Command: W
Command: W
Command: W
Command: W
Command: W
Command: W
Command: W
Command: W
Command: W
Command: W
Command: W
Command: W
Command: W
Command: W
Command: W
Command: A
Command: A
Command: A
Command: A
Command: A
Command: A
Command: A
Command: A
Command: A
Command: A
Command: A
Command: A
Command: A
Command: A
Command: A
Command: A
Command: A
Command: A
Command: A
Command: A
Command: A
Command: A
Command: A
Returning receiver thread...
